1516613413853	geckodriver	INFO	geckodriver 0.19.1
1516613413858	geckodriver	INFO	Listening on 127.0.0.1:65017
1516613415898	mozrunner::runner	INFO	Running command: "C:\\Program Files\\Mozilla Firefox\\firefox.exe" "-marionette" "-profile" "C:\\Users\\soum-pc\\AppData\\Local\\Temp\\rust_mozprofile.5RP52UduQ8l5"
1516613416750	Marionette	INFO	Enabled via --marionette
Unable to read VR Path Registry from C:\Users\soum-pc\AppData\Local\openvr\openvrpaths.vrpath
[Parent 20348, Gecko_IOThread] WARNING: pipe error: 109: file z:/build/build/src/ipc/chromium/src/chrome/common/ipc_channel_win.cc, line 346
Unable to read VR Path Registry from C:\Users\soum-pc\AppData\Local\openvr\openvrpaths.vrpath
[Child 21052, Chrome_ChildThread] WARNING: pipe error: 109: file z:/build/build/src/ipc/chromium/src/chrome/common/ipc_channel_win.cc, line 346
[Child 21052, Chrome_ChildThread] WARNING: pipe error: 109: file z:/build/build/src/ipc/chromium/src/chrome/common/ipc_channel_win.cc, line 346
1516613424755	Marionette	INFO	Listening on port 65025
1516613426286	Marionette	WARN	TLS certificate errors will be ignored for this session
1516613426328	Marionette	DEBUG	Register listener.js for window 4294967297
1516613427801	Marionette	DEBUG	Received DOM event "beforeunload" for "about:blank"
1516613429636	Marionette	DEBUG	Received DOM event "pagehide" for "about:blank"
1516613429637	Marionette	DEBUG	Received DOM event "unload" for "about:blank"
1516613431039	Marionette	DEBUG	Received DOM event "DOMContentLoaded" for "https://en.wikipedia.org/wiki/Main_Page"
1516613433780	Marionette	DEBUG	Received DOM event "pageshow" for "https://en.wikipedia.org/wiki/Main_Page"
Unable to read VR Path Registry from C:\Users\soum-pc\AppData\Local\openvr\openvrpaths.vrpath
[Child 21296, Chrome_ChildThread] WARNING: pipe error: 109: file z:/build/build/src/ipc/chromium/src/chrome/common/ipc_channel_win.cc, line 346
[Child 21296, Chrome_ChildThread] WARNING: pipe error: 109: file z:/build/build/src/ipc/chromium/src/chrome/common/ipc_channel_win.cc, line 346
C:\Users\soum-pc\AppData\Local\openvr\openvrpaths.vrpath
[Child 14244, Chrome_ChildThread] WARNING: pipe error: 109: file z:/build/build/src/ipc/chromium/src/chrome/common/ipc_channel_win.cc, line 346
[Child 14244, Chrome_ChildThread] WARNING: pipe error: 109: file z:/build/build/src/ipc/chromium/src/chrome/common/ipc_channel_win.cc, line 346
*** UTM:SVC TimerManager:registerTimer called after profile-before-change notification. Ignoring timer registration for id: telemetry_modules_ping
Unable to read VR Path Registry from C:\Users\soum-pc\AppData\Local\openvr\openvrpaths.vrpath
[GPU 18180, Chrome_ChildThread] WARNING: pipe error: 109: file z:/build/build/src/ipc/chromium/src/chrome/common/ipc_channel_win.cc, line 346

###!!! [Child][MessageChannel::SendAndWait] Error: Channel error: cannot send/recv

ad VR Path Registry from C:\Users\soum-pc\AppData\Local\openvr\openvrpaths.vrpath
[Child 15124, Chrome_ChildThread] WARNING: pipe error: 109: file z:/build/build/src/ipc/chromium/src/chrome/common/ipc_channel_win.cc, line 346
[Child 15124, Chrome_ChildThread] WARNING: pipe error: 109: file z:/build/build/src/ipc/chromium/src/chrome/common/ipc_channel_win.cc, line 346
*** UTM:SVC TimerManager:registerTimer called after profile-before-change notification. Ignoring timer registration for id: telemetry_modules_ping
Unable to read VR Path Registry from C:\Users\soum-pc\AppData\Local\openvr\openvrpaths.vrpath
[GPU 6012, Chrome_ChildThread] WARNING: pipe error: 109: file z:/build/build/src/ipc/chromium/src/chrome/common/ipc_channel_win.cc, line 346

###!!! [Child][MessageChannel::SendAndWait] Error: Channel error: cannot send/recv

